-------------------------------------------------------------------------------
Test set: TestSuite
-------------------------------------------------------------------------------
Tests run: 4, Failures: 1, Errors: 0, Skipped: 0, Time elapsed: 21.019 sec <<< FAILURE! - in TestSuite
fail(com.demo.test.testcase.SelCase)  Time elapsed: 0.016 sec  <<< FAILURE!
java.lang.AssertionError: expected [false] but found [true]
	at com.demo.test.testcase.SelCase.fail(SelCase.java:39)

