<?xml version="1.0" encoding="UTF-8"?>
<testsuite xmlns:xsi="http://www.w3.org/2001/XMLSchema-instance" xsi:schemaLocation="https://maven.apache.org/surefire/maven-surefire-plugin/xsd/surefire-test-report.xsd" name="TestSuite" time="21.019" tests="4" errors="0" skipped="0" failures="1">
  <properties>
[...]
</properties>
  <testcase name="getToken" classname="com.demo.test.testcase.InterfaceCase" time="2.367"/>
  <testcase name="loginSuccess" classname="com.demo.test.testcase.SelCase" time="1.528"/>
  <testcase name="loginFalse" classname="com.demo.test.testcase.SelCase" time="8.032"/>
  <testcase name="fail" classname="com.demo.test.testcase.SelCase" time="0.016">
    <failure message="expected [false] but found [true]" type="java.lang.AssertionError">java.lang.AssertionError: expected [false] but found [true]
	at com.demo.test.testcase.SelCase.fail(SelCase.java:39)
</failure>
  </testcase>
</testsuite>